{
  "RSpec": {
    "coverage": {
      "/Users/alexanderchristensen/Projects/software-udvikling/soft-dev-02-testing/lesson-02/spec/homework/e_shop_spec.rb": {
        "lines": [
          1,
          null,
          1,
          null,
          1,
          null,
          null,
          1,
          null,
          null,
          null,
          null,
          null,
          null,
          null,
          null,
          null,
          null,
          null,
          null,
          null,
          null,
          1,
          null,
          null,
          13,
          13,
          null,
          null,
          null,
          null,
          null,
          1,
          null,
          1,
          null,
          null,
          null,
          3,
          3,
          null,
          null,
          null
        ]
      },
      "/Users/alexanderchristensen/Projects/software-udvikling/soft-dev-02-testing/lesson-02/homework/e_shop.rb": {
        "lines": [
          1,
          1,
          16,
          16,
          8,
          8,
          4,
          null,
          4,
          null,
          null
        ]
      },
      "/Users/alexanderchristensen/Projects/software-udvikling/soft-dev-02-testing/lesson-02/spec/homework/framing_shop_spec.rb": {
        "lines": [
          1,
          1,
          null,
          null,
          null,
          null,
          null,
          null,
          null,
          null,
          1,
          null,
          1,
          null,
          1,
          null,
          null,
          null,
          null,
          null,
          5,
          5,
          null,
          null,
          null,
          null,
          1,
          null,
          null,
          1,
          null,
          null,
          null,
          null,
          null,
          null,
          null,
          null,
          null,
          6,
          12,
          null,
          null,
          null
        ]
      },
      "/Users/alexanderchristensen/Projects/software-udvikling/soft-dev-02-testing/lesson-02/homework/framing_shop.rb": {
        "lines": [
          1,
          1,
          11,
          5,
          null,
          5,
          5,
          null,
          2,
          null
        ]
      },
      "/Users/alexanderchristensen/Projects/software-udvikling/soft-dev-02-testing/lesson-02/homework/frame_size_not_valid.rb": {
        "lines": [
          1
        ]
      },
      "/Users/alexanderchristensen/Projects/software-udvikling/soft-dev-02-testing/lesson-02/spec/homework/password_spec.rb": {
        "lines": [
          null,
          null,
          null,
          null,
          null,
          null,
          null,
          1,
          null,
          1,
          null,
          null,
          1,
          1,
          null,
          1,
          null,
          null,
          null,
          null,
          null,
          5,
          5,
          null,
          null,
          null,
          null,
          null,
          null,
          1,
          1,
          null,
          1,
          null,
          null,
          null,
          null,
          null,
          null,
          null,
          7,
          7,
          null,
          null,
          null,
          null
        ]
      },
      "/Users/alexanderchristensen/Projects/software-udvikling/soft-dev-02-testing/lesson-02/homework/password.rb": {
        "lines": [
          1,
          1,
          12,
          null,
          null
        ]
      },
      "/Users/alexanderchristensen/Projects/software-udvikling/soft-dev-02-testing/lesson-02/spec/in-class-exercises/airline_spec.rb": {
        "lines": [
          1,
          null,
          1,
          1,
          1,
          1,
          1,
          null,
          null,
          null,
          1,
          1,
          1,
          1,
          null,
          null,
          1,
          1,
          1,
          1,
          null,
          null,
          null,
          null,
          1,
          1,
          1,
          1,
          null,
          null,
          1,
          1,
          1,
          null,
          null,
          1,
          1,
          1,
          null,
          null,
          null,
          1,
          1,
          1,
          1,
          null,
          null,
          1,
          1,
          1,
          null,
          null,
          1,
          1,
          1,
          null,
          null,
          null
        ]
      },
      "/Users/alexanderchristensen/Projects/software-udvikling/soft-dev-02-testing/lesson-02/in-class-exercises/airline.rb": {
        "lines": [
          1,
          1,
          9,
          null,
          8,
          8,
          null,
          8,
          2,
          6,
          2,
          4,
          2,
          null,
          null,
          8,
          null,
          null,
          1,
          null,
          1,
          7,
          null,
          null
        ]
      },
      "/Users/alexanderchristensen/Projects/software-udvikling/soft-dev-02-testing/lesson-02/spec/in-class-exercises/drivers_license_spec.rb": {
        "lines": [
          1,
          null,
          1,
          1,
          null,
          1,
          null,
          null,
          null,
          null,
          null,
          null,
          null,
          7,
          7,
          7,
          null,
          null,
          null,
          null,
          1,
          1,
          null,
          1,
          null,
          null,
          null,
          null,
          null,
          5,
          5,
          5,
          null,
          null,
          null,
          null,
          1,
          null,
          1,
          null,
          null,
          null,
          3,
          3,
          3,
          null,
          null,
          null,
          null,
          1,
          null,
          1,
          null,
          null,
          2,
          2,
          2,
          null,
          null,
          null,
          null,
          null
        ]
      },
      "/Users/alexanderchristensen/Projects/software-udvikling/soft-dev-02-testing/lesson-02/in-class-exercises/drivers_license.rb": {
        "lines": [
          1,
          null,
          1,
          17,
          17,
          null,
          17,
          null,
          10,
          null,
          8,
          null,
          null,
          1,
          null,
          1,
          null,
          17,
          null,
          null,
          null,
          null,
          null
        ]
      },
      "/Users/alexanderchristensen/Projects/software-udvikling/soft-dev-02-testing/lesson-02/spec/in-class-exercises/dt_input_form_spec.rb": {
        "lines": [
          null,
          null,
          null
        ]
      },
      "/Users/alexanderchristensen/Projects/software-udvikling/soft-dev-02-testing/lesson-02/spec/in-class-exercises/printer_cartridges_spec.rb": {
        "lines": [
          1,
          1,
          null,
          null,
          null,
          null,
          1,
          1,
          1,
          1,
          1,
          null,
          null,
          1,
          1,
          null,
          null,
          null,
          1,
          1,
          1,
          null,
          1,
          1,
          null,
          null,
          null,
          null,
          1,
          1,
          1,
          2,
          null,
          null,
          null,
          1,
          1,
          1,
          null,
          null,
          null
        ]
      },
      "/Users/alexanderchristensen/Projects/software-udvikling/soft-dev-02-testing/lesson-02/in-class-exercises/printer_cartridges.rb": {
        "lines": [
          1,
          1,
          14,
          null,
          10,
          null,
          6,
          null
        ]
      },
      "/Users/alexanderchristensen/Projects/software-udvikling/soft-dev-02-testing/lesson-02/in-class-exercises/quantity_too_low_error.rb": {
        "lines": [
          1
        ]
      },
      "/Users/alexanderchristensen/Projects/software-udvikling/soft-dev-02-testing/lesson-02/spec/in-class-exercises/refactored_printer_cartridges_spec.rb": {
        "lines": [
          1,
          1,
          null,
          1,
          1,
          1,
          null,
          1,
          null,
          null,
          null,
          null,
          null,
          5,
          5,
          null,
          null,
          null,
          null,
          1,
          1,
          3,
          6,
          null,
          null,
          null,
          null,
          null
        ]
      }
    },
    "timestamp": 1758014377
  }
}
